[0m21:23:31.072589 [debug] [MainThread]: Sending event: {'category': 'dbt', 'action': 'invocation', 'label': 'start', 'context': [<snowplow_tracker.self_describing_json.SelfDescribingJson object at 0x00000171D3DB0F20>, <snowplow_tracker.self_describing_json.SelfDescribingJson object at 0x00000171D6B0F3B0>, <snowplow_tracker.self_describing_json.SelfDescribingJson object at 0x00000171D6B0D940>]}


============================== 21:23:31.076020 | a4538e83-15de-4c97-ab28-49e9da1b82b0 ==============================
[0m21:23:31.076020 [info ] [MainThread]: Running with dbt=1.11.1
[0m21:23:31.076020 [debug] [MainThread]: running dbt with arguments {'version_check': 'True', 'no_print': 'None', 'static_parser': 'True', 'target_path': 'None', 'warn_error_options': 'WarnErrorOptionsV2(error=[], warn=[], silence=[])', 'printer_width': '80', 'write_json': 'True', 'introspect': 'True', 'log_cache_events': 'False', 'empty': 'None', 'cache_selected_only': 'False', 'log_format': 'default', 'debug': 'False', 'fail_fast': 'False', 'profiles_dir': 'C:\\Users\\timol\\.dbt', 'send_anonymous_usage_stats': 'True', 'quiet': 'False', 'warn_error': 'None', 'partial_parse': 'True', 'use_colors': 'True', 'indirect_selection': 'eager', 'invocation_command': 'dbt init --skip-profile-setup airbnb', 'use_experimental_parser': 'False', 'log_path': 'logs'}
[0m21:23:31.255432 [debug] [MainThread]: Starter project path: C:\dev\courses\dbt_bootcamp\dbt-student-repo\.venv\Lib\site-packages\dbt\include\starter_project
[0m21:23:31.275395 [info ] [MainThread]: 
Your new dbt project "airbnb" was created!

For more information on how to configure the profiles.yml file,
please consult the dbt documentation here:

  https://docs.getdbt.com/docs/configure-your-profile

One more thing:

Need help? Don't hesitate to reach out to us via GitHub issues or on Slack:

  https://community.getdbt.com/

Happy modeling!

[0m21:23:31.277094 [debug] [MainThread]: Command `dbt init` succeeded at 21:23:31.276737 after 0.31 seconds
[0m21:23:31.277094 [debug] [MainThread]: Sending event: {'category': 'dbt', 'action': 'invocation', 'label': 'end', 'context': [<snowplow_tracker.self_describing_json.SelfDescribingJson object at 0x00000171D708B1D0>, <snowplow_tracker.self_describing_json.SelfDescribingJson object at 0x00000171D6B0F3B0>, <snowplow_tracker.self_describing_json.SelfDescribingJson object at 0x00000171D6F09130>]}
[0m21:23:31.277094 [debug] [MainThread]: Flushing usage events
[0m21:23:31.973495 [debug] [MainThread]: An error was encountered while trying to flush usage events
[0m21:26:59.477617 [debug] [MainThread]: Sending event: {'category': 'dbt', 'action': 'invocation', 'label': 'start', 'context': [<snowplow_tracker.self_describing_json.SelfDescribingJson object at 0x000002A8E1993890>, <snowplow_tracker.self_describing_json.SelfDescribingJson object at 0x000002A8E1D306E0>, <snowplow_tracker.self_describing_json.SelfDescribingJson object at 0x000002A8E13E8E60>]}


============================== 21:26:59.481425 | 6fbda80a-3ef8-4150-98a4-9a1764fdfb9b ==============================
[0m21:26:59.481425 [info ] [MainThread]: Running with dbt=1.11.1
[0m21:26:59.481425 [debug] [MainThread]: running dbt with arguments {'version_check': 'True', 'no_print': 'None', 'static_parser': 'True', 'target_path': 'None', 'warn_error_options': 'WarnErrorOptionsV2(error=[], warn=[], silence=[])', 'printer_width': '80', 'write_json': 'True', 'empty': 'None', 'log_cache_events': 'False', 'introspect': 'True', 'cache_selected_only': 'False', 'log_format': 'default', 'debug': 'False', 'fail_fast': 'False', 'partial_parse': 'True', 'send_anonymous_usage_stats': 'True', 'quiet': 'False', 'warn_error': 'None', 'profiles_dir': 'C:\\Users\\timol\\.dbt', 'indirect_selection': 'eager', 'invocation_command': 'dbt debug', 'use_colors': 'True', 'use_experimental_parser': 'False', 'log_path': 'logs'}
[0m21:26:59.499709 [info ] [MainThread]: dbt version: 1.11.1
[0m21:26:59.499709 [info ] [MainThread]: python version: 3.12.10
[0m21:26:59.499709 [info ] [MainThread]: python path: C:\dev\courses\dbt_bootcamp\dbt-student-repo\.venv\Scripts\python.exe
[0m21:26:59.501010 [info ] [MainThread]: os info: Windows-11-10.0.26200-SP0
[0m21:26:59.501010 [info ] [MainThread]: Using profiles dir at C:\Users\timol\.dbt
[0m21:26:59.501010 [info ] [MainThread]: Using profiles.yml file at C:\Users\timol\.dbt\profiles.yml
[0m21:26:59.502012 [info ] [MainThread]: Using dbt_project.yml file at C:\dev\courses\dbt_bootcamp\dbt-student-repo\dbt_project.yml
[0m21:26:59.502012 [info ] [MainThread]: Configuration:
[0m21:26:59.502012 [info ] [MainThread]:   profiles.yml file [[31mERROR not found[0m]
[0m21:26:59.502012 [info ] [MainThread]:   dbt_project.yml file [[31mERROR not found[0m]
[0m21:26:59.503011 [info ] [MainThread]: Required dependencies:
[0m21:26:59.503011 [debug] [MainThread]: Executing "git --help"
[0m21:26:59.535504 [debug] [MainThread]: STDOUT: "b"usage: git [-v | --version] [-h | --help] [-C <path>] [-c <name>=<value>]\n           [--exec-path[=<path>]] [--html-path] [--man-path] [--info-path]\n           [-p | --paginate | -P | --no-pager] [--no-replace-objects] [--no-lazy-fetch]\n           [--no-optional-locks] [--no-advice] [--bare] [--git-dir=<path>]\n           [--work-tree=<path>] [--namespace=<name>] [--config-env=<name>=<envvar>]\n           <command> [<args>]\n\nThese are common Git commands used in various situations:\n\nstart a working area (see also: git help tutorial)\n   clone      Clone a repository into a new directory\n   init       Create an empty Git repository or reinitialize an existing one\n\nwork on the current change (see also: git help everyday)\n   add        Add file contents to the index\n   mv         Move or rename a file, a directory, or a symlink\n   restore    Restore working tree files\n   rm         Remove files from the working tree and from the index\n\nexamine the history and state (see also: git help revisions)\n   bisect     Use binary search to find the commit that introduced a bug\n   diff       Show changes between commits, commit and working tree, etc\n   grep       Print lines matching a pattern\n   log        Show commit logs\n   show       Show various types of objects\n   status     Show the working tree status\n\ngrow, mark and tweak your common history\n   backfill   Download missing objects in a partial clone\n   branch     List, create, or delete branches\n   commit     Record changes to the repository\n   merge      Join two or more development histories together\n   rebase     Reapply commits on top of another base tip\n   reset      Reset current HEAD to the specified state\n   switch     Switch branches\n   tag        Create, list, delete or verify a tag object signed with GPG\n\ncollaborate (see also: git help workflows)\n   fetch      Download objects and refs from another repository\n   pull       Fetch from and integrate with another repository or a local branch\n   push       Update remote refs along with associated objects\n\n'git help -a' and 'git help -g' list available subcommands and some\nconcept guides. See 'git help <command>' or 'git help <concept>'\nto read about a specific subcommand or concept.\nSee 'git help git' for an overview of the system.\n""
[0m21:26:59.535504 [debug] [MainThread]: STDERR: "b''"
[0m21:26:59.536617 [info ] [MainThread]:  - git [[32mOK found[0m]

[0m21:26:59.536617 [info ] [MainThread]: Connection test skipped since no profile was found
[0m21:26:59.536617 [info ] [MainThread]: [31m2 checks failed:[0m
[0m21:26:59.536617 [info ] [MainThread]: dbt looked for a profiles.yml file in C:\Users\timol\.dbt\profiles.yml, but did
not find one. For more information on configuring your profile, consult the
documentation:

https://docs.getdbt.com/docs/configure-your-profile


[0m21:26:59.538158 [info ] [MainThread]: Project loading failed for the following reason:
 project path <C:\dev\courses\dbt_bootcamp\dbt-student-repo\dbt_project.yml> not found

[0m21:26:59.538158 [debug] [MainThread]: Command `dbt debug` failed at 21:26:59.538158 after 0.21 seconds
[0m21:26:59.538158 [debug] [MainThread]: Sending event: {'category': 'dbt', 'action': 'invocation', 'label': 'end', 'context': [<snowplow_tracker.self_describing_json.SelfDescribingJson object at 0x000002A8DE337230>, <snowplow_tracker.self_describing_json.SelfDescribingJson object at 0x000002A8E19D38C0>, <snowplow_tracker.self_describing_json.SelfDescribingJson object at 0x000002A8E19D1FA0>]}
[0m21:26:59.538158 [debug] [MainThread]: Flushing usage events
[0m21:27:00.280605 [debug] [MainThread]: An error was encountered while trying to flush usage events
[0m21:32:31.132437 [debug] [MainThread]: Sending event: {'category': 'dbt', 'action': 'invocation', 'label': 'start', 'context': [<snowplow_tracker.self_describing_json.SelfDescribingJson object at 0x000001F12DC2B260>, <snowplow_tracker.self_describing_json.SelfDescribingJson object at 0x000001F12B5CFA70>, <snowplow_tracker.self_describing_json.SelfDescribingJson object at 0x000001F12D9DEFC0>]}


============================== 21:32:31.138778 | e8801490-f7ab-4426-9ece-5b6eb109a36a ==============================
[0m21:32:31.138778 [info ] [MainThread]: Running with dbt=1.11.1
[0m21:32:31.138778 [debug] [MainThread]: running dbt with arguments {'static_parser': 'True', 'no_print': 'None', 'version_check': 'True', 'warn_error_options': 'WarnErrorOptionsV2(error=[], warn=[], silence=[])', 'target_path': 'None', 'printer_width': '80', 'write_json': 'True', 'introspect': 'True', 'log_cache_events': 'False', 'empty': 'None', 'cache_selected_only': 'False', 'fail_fast': 'False', 'debug': 'False', 'log_format': 'default', 'partial_parse': 'True', 'send_anonymous_usage_stats': 'True', 'quiet': 'False', 'warn_error': 'None', 'profiles_dir': 'C:\\dev\\courses\\dbt_bootcamp\\dbt-student-repo', 'use_colors': 'True', 'invocation_command': 'dbt debug', 'indirect_selection': 'eager', 'use_experimental_parser': 'False', 'log_path': 'logs'}
[0m21:32:31.152210 [info ] [MainThread]: dbt version: 1.11.1
[0m21:32:31.152210 [info ] [MainThread]: python version: 3.12.10
[0m21:32:31.156468 [info ] [MainThread]: python path: C:\dev\courses\dbt_bootcamp\dbt-student-repo\.venv\Scripts\python.exe
[0m21:32:31.156468 [info ] [MainThread]: os info: Windows-11-10.0.26200-SP0
[0m21:32:31.439626 [debug] [MainThread]: Snowflake adapter: Setting snowflake.connector to ERROR (file logging only)
[0m21:32:31.439626 [debug] [MainThread]: Snowflake adapter: Setting botocore to ERROR (file logging only)
[0m21:32:31.439626 [debug] [MainThread]: Snowflake adapter: Setting boto3 to ERROR (file logging only)
[0m21:32:31.514042 [info ] [MainThread]: Using profiles dir at C:\dev\courses\dbt_bootcamp\dbt-student-repo
[0m21:32:31.514042 [info ] [MainThread]: Using profiles.yml file at C:\dev\courses\dbt_bootcamp\dbt-student-repo\profiles.yml
[0m21:32:31.515210 [info ] [MainThread]: Using dbt_project.yml file at C:\dev\courses\dbt_bootcamp\dbt-student-repo\dbt_project.yml
[0m21:32:31.516246 [info ] [MainThread]: adapter type: snowflake
[0m21:32:31.516550 [info ] [MainThread]: adapter version: 1.11.1
[0m21:32:31.516550 [info ] [MainThread]: Configuration:
[0m21:32:31.517696 [info ] [MainThread]:   profiles.yml file [[32mOK found and valid[0m]
[0m21:32:31.517696 [info ] [MainThread]:   dbt_project.yml file [[31mERROR invalid[0m]
[0m21:32:31.517696 [info ] [MainThread]: Required dependencies:
[0m21:32:31.518724 [debug] [MainThread]: Executing "git --help"
[0m21:32:31.540015 [debug] [MainThread]: STDOUT: "b"usage: git [-v | --version] [-h | --help] [-C <path>] [-c <name>=<value>]\n           [--exec-path[=<path>]] [--html-path] [--man-path] [--info-path]\n           [-p | --paginate | -P | --no-pager] [--no-replace-objects] [--no-lazy-fetch]\n           [--no-optional-locks] [--no-advice] [--bare] [--git-dir=<path>]\n           [--work-tree=<path>] [--namespace=<name>] [--config-env=<name>=<envvar>]\n           <command> [<args>]\n\nThese are common Git commands used in various situations:\n\nstart a working area (see also: git help tutorial)\n   clone      Clone a repository into a new directory\n   init       Create an empty Git repository or reinitialize an existing one\n\nwork on the current change (see also: git help everyday)\n   add        Add file contents to the index\n   mv         Move or rename a file, a directory, or a symlink\n   restore    Restore working tree files\n   rm         Remove files from the working tree and from the index\n\nexamine the history and state (see also: git help revisions)\n   bisect     Use binary search to find the commit that introduced a bug\n   diff       Show changes between commits, commit and working tree, etc\n   grep       Print lines matching a pattern\n   log        Show commit logs\n   show       Show various types of objects\n   status     Show the working tree status\n\ngrow, mark and tweak your common history\n   backfill   Download missing objects in a partial clone\n   branch     List, create, or delete branches\n   commit     Record changes to the repository\n   merge      Join two or more development histories together\n   rebase     Reapply commits on top of another base tip\n   reset      Reset current HEAD to the specified state\n   switch     Switch branches\n   tag        Create, list, delete or verify a tag object signed with GPG\n\ncollaborate (see also: git help workflows)\n   fetch      Download objects and refs from another repository\n   pull       Fetch from and integrate with another repository or a local branch\n   push       Update remote refs along with associated objects\n\n'git help -a' and 'git help -g' list available subcommands and some\nconcept guides. See 'git help <command>' or 'git help <concept>'\nto read about a specific subcommand or concept.\nSee 'git help git' for an overview of the system.\n""
[0m21:32:31.540015 [debug] [MainThread]: STDERR: "b''"
[0m21:32:31.540015 [info ] [MainThread]:  - git [[32mOK found[0m]

[0m21:32:31.540015 [info ] [MainThread]: Connection:
[0m21:32:31.540015 [info ] [MainThread]:   account: nskwrvh-xy97319
[0m21:32:31.540015 [info ] [MainThread]:   user: dbt
[0m21:32:31.540015 [info ] [MainThread]:   database: AIRBNB
[0m21:32:31.540015 [info ] [MainThread]:   warehouse: COMPUTE_WH
[0m21:32:31.540015 [info ] [MainThread]:   role: TRANSFORM
[0m21:32:31.540015 [info ] [MainThread]:   schema: DEV
[0m21:32:31.540015 [info ] [MainThread]:   authenticator: None
[0m21:32:31.540015 [info ] [MainThread]:   oauth_client_id: None
[0m21:32:31.540015 [info ] [MainThread]:   query_tag: None
[0m21:32:31.540015 [info ] [MainThread]:   client_session_keep_alive: False
[0m21:32:31.540015 [info ] [MainThread]:   host: None
[0m21:32:31.540015 [info ] [MainThread]:   port: None
[0m21:32:31.540015 [info ] [MainThread]:   proxy_host: None
[0m21:32:31.540015 [info ] [MainThread]:   proxy_port: None
[0m21:32:31.540015 [info ] [MainThread]:   protocol: None
[0m21:32:31.540015 [info ] [MainThread]:   connect_retries: 1
[0m21:32:31.540015 [info ] [MainThread]:   connect_timeout: None
[0m21:32:31.540015 [info ] [MainThread]:   retry_on_database_errors: False
[0m21:32:31.540015 [info ] [MainThread]:   retry_all: False
[0m21:32:31.540015 [info ] [MainThread]:   insecure_mode: False
[0m21:32:31.540015 [info ] [MainThread]:   reuse_connections: True
[0m21:32:31.540015 [info ] [MainThread]:   s3_stage_vpce_dns_name: None
[0m21:32:31.540015 [info ] [MainThread]:   platform_detection_timeout_seconds: 0.0
[0m21:32:31.540015 [info ] [MainThread]: Registered adapter: snowflake=1.11.1
[0m21:32:31.770113 [debug] [MainThread]: Acquiring new snowflake connection 'debug'
[0m21:32:31.867882 [debug] [MainThread]: Using snowflake connection "debug"
[0m21:32:31.869076 [debug] [MainThread]: On debug: select 1 as id
[0m21:32:31.869076 [debug] [MainThread]: Opening a new connection, currently in state init
[0m21:32:32.558880 [debug] [MainThread]: SQL status: SUCCESS 1 in 0.702 seconds
[0m21:32:32.558880 [info ] [MainThread]:   Connection test: [[32mOK connection ok[0m]

[0m21:32:32.558880 [info ] [MainThread]: [31m1 check failed:[0m
[0m21:32:32.558880 [info ] [MainThread]: Project loading failed for the following reason:
Runtime Error
  dbt_project.yml does not parse to a dictionary


[0m21:32:32.558880 [debug] [MainThread]: Command `dbt debug` failed at 21:32:32.558880 after 1.55 seconds
[0m21:32:32.558880 [debug] [MainThread]: Connection 'debug' was left open.
[0m21:32:32.558880 [debug] [MainThread]: On debug: Close
[0m21:32:32.641254 [debug] [MainThread]: Sending event: {'category': 'dbt', 'action': 'invocation', 'label': 'end', 'context': [<snowplow_tracker.self_describing_json.SelfDescribingJson object at 0x000001F12A5C72F0>, <snowplow_tracker.self_describing_json.SelfDescribingJson object at 0x000001F12E2CAC90>, <snowplow_tracker.self_describing_json.SelfDescribingJson object at 0x000001F12E2CB2C0>]}
[0m21:32:32.641254 [debug] [MainThread]: Flushing usage events
[0m21:32:33.267822 [debug] [MainThread]: An error was encountered while trying to flush usage events
[0m21:33:11.012159 [debug] [MainThread]: Sending event: {'category': 'dbt', 'action': 'invocation', 'label': 'start', 'context': [<snowplow_tracker.self_describing_json.SelfDescribingJson object at 0x00000255CFFB9B50>, <snowplow_tracker.self_describing_json.SelfDescribingJson object at 0x00000255CFFB9D60>, <snowplow_tracker.self_describing_json.SelfDescribingJson object at 0x00000255CFFB9D90>]}


============================== 21:33:11.013694 | 00574e38-9a32-4d06-a044-5b4a2d8e0cd9 ==============================
[0m21:33:11.013694 [info ] [MainThread]: Running with dbt=1.11.1
[0m21:33:11.013694 [debug] [MainThread]: running dbt with arguments {'version_check': 'True', 'no_print': 'None', 'static_parser': 'True', 'warn_error_options': 'WarnErrorOptionsV2(error=[], warn=[], silence=[])', 'target_path': 'None', 'printer_width': '80', 'write_json': 'True', 'empty': 'None', 'log_cache_events': 'False', 'introspect': 'True', 'cache_selected_only': 'False', 'fail_fast': 'False', 'debug': 'False', 'log_format': 'default', 'profiles_dir': 'C:\\dev\\courses\\dbt_bootcamp\\dbt-student-repo', 'send_anonymous_usage_stats': 'True', 'quiet': 'False', 'warn_error': 'None', 'partial_parse': 'True', 'use_colors': 'True', 'indirect_selection': 'eager', 'invocation_command': 'dbt init --skip-profile-setup airbnb', 'use_experimental_parser': 'False', 'log_path': 'logs'}
[0m21:33:11.030224 [info ] [MainThread]: A project called airbnb already exists here.
[0m21:33:11.030224 [debug] [MainThread]: Command `dbt init` succeeded at 21:33:11.030224 after 0.13 seconds
[0m21:33:11.031261 [debug] [MainThread]: Sending event: {'category': 'dbt', 'action': 'invocation', 'label': 'end', 'context': [<snowplow_tracker.self_describing_json.SelfDescribingJson object at 0x00000255CF33C0E0>, <snowplow_tracker.self_describing_json.SelfDescribingJson object at 0x00000255CC37B0B0>, <snowplow_tracker.self_describing_json.SelfDescribingJson object at 0x00000255D135EE10>]}
[0m21:33:11.031261 [debug] [MainThread]: Flushing usage events
[0m21:33:11.719893 [debug] [MainThread]: An error was encountered while trying to flush usage events
